[35m[Appium][39m Welcome to Appium v1.22.3
[35m[Appium][39m Non-default server args:
[35m[Appium][39m   port: 60447
[35m[Appium][39m   tmpDir: C:\Users\salsa\AppData\Local\Temp\\Katalon\Appium\Temp1658105440521
[35m[Appium][39m   chromedriverPort: 60448
[35m[Appium][39m Deprecated server args:
[35m[Appium][39m   [31m--chromedriver-port[39m => --default-capabilities
[35m[Appium][39m Default capabilities, which will be added to each request unless overridden by desired capabilities:
[35m[Appium][39m   chromedriverPort: 60448
[35m[Appium][39m Appium REST http interface listener started on 0.0.0.0:60447
[35m[HTTP][39m [37m-->[39m [37mGET[39m [37m/wd/hub/status[39m
[35m[HTTP][39m [90m{}[39m
[debug] [35m[GENERIC][39m Calling AppiumDriver.getStatus() with args: []
[debug] [35m[GENERIC][39m Responding to client with driver.getStatus() result: {"build":{"version":"1.22.3"}}
[35m[HTTP][39m [37m<-- GET /wd/hub/status [39m[32m200[39m [90m20 ms - 68[39m
[35m[HTTP][39m [90m[39m
[35m[HTTP][39m [37m-->[39m [37mPOST[39m [37m/wd/hub/session[39m
[35m[HTTP][39m [90m{"desiredCapabilities":{"appActivity":".Settings","appPackage":"com.android.settings","newCommandTimeout":1800,"platformVersion":"11","automationName":"uiautomator2","autoGrantPermissions":true,"platformName":"Android","udid":"aeebca410407","deviceName":"Xiaomi M2003J15SC (Android 11)","platform":"ANDROID","systemPort":8272},"capabilities":{"firstMatch":[{"appium:appActivity":".Settings","appium:appPackage":"com.android.settings","appium:autoGrantPermissions":true,"appium:automationName":"uiautomator2","appium:deviceName":"Xiaomi M2003J15SC (Android 11)","appium:newCommandTimeout":1800,"platform":"ANDROID","platformName":"android","appium:platformVersion":"11","appium:systemPort":8272,"appium:udid":"aeebca410407"}]}}[39m
[debug] [35m[W3C][39m Calling AppiumDriver.createSession() with args: [{"appActivity":".Settings","appPackage":"com.android.settings","newCommandTimeout":1800,"platformVersion":"11","automationName":"uiautomator2","autoGrantPermissions":true,"platformName":"Android","udid":"aeebca410407","deviceName":"Xiaomi M2003J15SC (Android 11)","platform":"ANDROID","systemPort":8272},null,{"firstMatch":[{"appium:appActivity":".Settings","appium:appPackage":"com.android.settings","appium:autoGrantPermissions":true,"appium:automationName":"uiautomator2","appium:deviceName":"Xiaomi M2003J15SC (Android 11)","appium:newCommandTimeout":1800,"platform":"ANDROID","platformName":"android","appium:platformVersion":"11","appium:systemPort":8272,"appium:udid":"aeebca410407"}]}]
[debug] [35m[BaseDriver][39m Event 'newSessionRequested' logged at 1658105445110 (07:50:45 GMT+0700 (Western Indonesia Time))
[35m[BaseDriver][39m The following capabilities are not standard capabilities and should have an extension prefix:
[35m[BaseDriver][39m   platform
[35m[BaseDriver][39m   chromedriverPort
[35m[Appium][39m Appium v1.22.3 creating new AndroidUiautomator2Driver (v1.70.1) session
[debug] [35m[BaseDriver][39m W3C capabilities and MJSONWP desired capabilities were provided
[debug] [35m[BaseDriver][39m Creating session with W3C capabilities: {
[debug] [35m[BaseDriver][39m   "alwaysMatch": {
[debug] [35m[BaseDriver][39m     "appium:platform": "ANDROID",
[debug] [35m[BaseDriver][39m     "platformName": "android",
[debug] [35m[BaseDriver][39m     "appium:chromedriverPort": 60448,
[debug] [35m[BaseDriver][39m     "appium:appActivity": ".Settings",
[debug] [35m[BaseDriver][39m     "appium:appPackage": "com.android.settings",
[debug] [35m[BaseDriver][39m     "appium:autoGrantPermissions": true,
[debug] [35m[BaseDriver][39m     "appium:automationName": "uiautomator2",
[debug] [35m[BaseDriver][39m     "appium:deviceName": "Xiaomi M2003J15SC (Android 11)",
[debug] [35m[BaseDriver][39m     "appium:newCommandTimeout": 1800,
[debug] [35m[BaseDriver][39m     "appium:platformVersion": "11",
[debug] [35m[BaseDriver][39m     "appium:systemPort": 8272,
[debug] [35m[BaseDriver][39m     "appium:udid": "aeebca410407"
[debug] [35m[BaseDriver][39m   },
[debug] [35m[BaseDriver][39m   "firstMatch": [
[debug] [35m[BaseDriver][39m     {}
[debug] [35m[BaseDriver][39m   ]
[debug] [35m[BaseDriver][39m }
[35m[BaseDriver][39m The following capabilities were provided, but are not recognized by Appium:
[35m[BaseDriver][39m   platform
[35m[BaseDriver][39m Session created with session id: f589c691-4177-4fa3-968e-90c0e44a342f
[35m[UiAutomator2][39m Starting 'com.android.settings' directly on the device
[35m[ADB][39m Found 1 'build-tools' folders under 'C:\Users\salsa\.katalon\tools\android_sdk' (newest first):
[35m[ADB][39m     C:/Users/salsa/.katalon/tools/android_sdk/build-tools/29.0.3
[35m[ADB][39m Using 'adb.exe' from 'C:\Users\salsa\.katalon\tools\android_sdk\platform-tools\adb.exe'
[debug] [35m[ADB][39m Running 'C:\Users\salsa\.katalon\tools\android_sdk\platform-tools\adb.exe -P 5037 start-server'
[35m[AndroidDriver][39m Retrieving device list
[debug] [35m[ADB][39m Trying to find a connected android device
[debug] [35m[ADB][39m Getting connected devices
[debug] [35m[ADB][39m Connected devices: [{"udid":"aeebca410407","state":"device"}]
[35m[AndroidDriver][39m Using device: aeebca410407
[35m[ADB][39m Using 'adb.exe' from 'C:\Users\salsa\.katalon\tools\android_sdk\platform-tools\adb.exe'
[debug] [35m[ADB][39m Running 'C:\Users\salsa\.katalon\tools\android_sdk\platform-tools\adb.exe -P 5037 start-server'
[debug] [35m[ADB][39m Setting device id to aeebca410407
[debug] [35m[ADB][39m Running 'C:\Users\salsa\.katalon\tools\android_sdk\platform-tools\adb.exe -P 5037 -s aeebca410407 shell getprop ro.build.version.sdk'
[debug] [35m[ADB][39m Current device property 'ro.build.version.sdk': 30
[35m[ADB][39m Getting device platform version
[debug] [35m[ADB][39m Running 'C:\Users\salsa\.katalon\tools\android_sdk\platform-tools\adb.exe -P 5037 -s aeebca410407 shell getprop ro.build.version.release'
[debug] [35m[ADB][39m Current device property 'ro.build.version.release': 11
[debug] [35m[ADB][39m Device API level: 30
[35m[UiAutomator2][39m Relaxing hidden api policy
[debug] [35m[ADB][39m Running 'C:\Users\salsa\.katalon\tools\android_sdk\platform-tools\adb.exe -P 5037 -s aeebca410407 shell 'settings put global hidden_api_policy_pre_p_apps 1;settings put global hidden_api_policy_p_apps 1;settings put global hidden_api_policy 1''
[35m[AndroidDriver][39m No app sent in, not parsing package/activity
[debug] [35m[ADB][39m Running 'C:\Users\salsa\.katalon\tools\android_sdk\platform-tools\adb.exe -P 5037 -s aeebca410407 wait-for-device'
[debug] [35m[ADB][39m Running 'C:\Users\salsa\.katalon\tools\android_sdk\platform-tools\adb.exe -P 5037 -s aeebca410407 shell echo ping'
[debug] [35m[AndroidDriver][39m Pushing settings apk to device...
[debug] [35m[ADB][39m Getting install status for io.appium.settings
[debug] [35m[ADB][39m Running 'C:\Users\salsa\.katalon\tools\android_sdk\platform-tools\adb.exe -P 5037 -s aeebca410407 shell dumpsys package io.appium.settings'
[debug] [35m[ADB][39m 'io.appium.settings' is installed
[debug] [35m[ADB][39m Getting package info for 'io.appium.settings'
[debug] [35m[ADB][39m Running 'C:\Users\salsa\.katalon\tools\android_sdk\platform-tools\adb.exe -P 5037 -s aeebca410407 shell dumpsys package io.appium.settings'
[debug] [35m[ADB][39m The version name of the installed 'io.appium.settings' is greater or equal to the application version name ('3.4.0' >= '3.4.0')
[debug] [35m[ADB][39m There is no need to install/upgrade 'C:\Users\salsa\AppData\Roaming\npm\node_modules\appium\node_modules\io.appium.settings\apks\settings_apk-debug.apk'
[debug] [35m[ADB][39m Getting IDs of all 'io.appium.settings' processes
[debug] [35m[ADB][39m Running 'C:\Users\salsa\.katalon\tools\android_sdk\platform-tools\adb.exe -P 5037 -s aeebca410407 shell 'pgrep --help; echo $?''
[debug] [35m[ADB][39m Running 'C:\Users\salsa\.katalon\tools\android_sdk\platform-tools\adb.exe -P 5037 -s aeebca410407 shell pgrep -f \(\[\[:blank:\]\]\|\^\)io\.appium\.settings\(\[\[:blank:\]\]\|\$\)'
[debug] [35m[AndroidDriver][39m io.appium.settings is already running. There is no need to reset its permissions.
[debug] [35m[ADB][39m Running 'C:\Users\salsa\.katalon\tools\android_sdk\platform-tools\adb.exe -P 5037 -s aeebca410407 shell appops set io.appium.settings android:mock_location allow'
[debug] [35m[Logcat][39m Starting logs capture with command: C:\\Users\\salsa\\.katalon\\tools\\android_sdk\\platform-tools\\adb.exe -P 5037 -s aeebca410407 logcat -v threadtime
[debug] [35m[UiAutomator2][39m Forwarding UiAutomator2 Server port 6790 to local port 8272
[debug] [35m[ADB][39m Forwarding system: 8272 to device: 6790
[debug] [35m[ADB][39m Running 'C:\Users\salsa\.katalon\tools\android_sdk\platform-tools\adb.exe -P 5037 -s aeebca410407 forward tcp:8272 tcp:6790'
[debug] [35m[ADB][39m Getting install status for io.appium.uiautomator2.server
[debug] [35m[ADB][39m Running 'C:\Users\salsa\.katalon\tools\android_sdk\platform-tools\adb.exe -P 5037 -s aeebca410407 shell dumpsys package io.appium.uiautomator2.server'
[debug] [35m[ADB][39m 'io.appium.uiautomator2.server' is installed
[debug] [35m[ADB][39m Getting package info for 'io.appium.uiautomator2.server'
[debug] [35m[ADB][39m Running 'C:\Users\salsa\.katalon\tools\android_sdk\platform-tools\adb.exe -P 5037 -s aeebca410407 shell dumpsys package io.appium.uiautomator2.server'
[debug] [35m[ADB][39m The version name of the installed 'io.appium.uiautomator2.server' is greater or equal to the application version name ('4.27.0' >= '4.27.0')
[debug] [35m[UiAutomator2][39m io.appium.uiautomator2.server installation state: sameVersionInstalled
[debug] [35m[ADB][39m Checking app cert for C:\Users\salsa\AppData\Roaming\npm\node_modules\appium\node_modules\appium-uiautomator2-server\apks\appium-uiautomator2-server-v4.27.0.apk
[35m[ADB][39m Using 'apksigner.jar' from 'C:\Users\salsa\.katalon\tools\android_sdk\build-tools\29.0.3\lib\apksigner.jar'
[debug] [35m[ADB][39m Starting apksigner: F:\\Katalon_Studio_Windows_64-8.2.5\\jre\\bin\\java.exe -Xmx1024M -Xss1m -jar C:\\Users\\salsa\\.katalon\\tools\\android_sdk\\build-tools\\29.0.3\\lib\\apksigner.jar verify --print-certs C:\\Users\\salsa\\AppData\\Roaming\\npm\\node_modules\\appium\\node_modules\\appium-uiautomator2-server\\apks\\appium-uiautomator2-server-v4.27.0.apk
[debug] [35m[ADB][39m apksigner stdout: Signer #1 certificate DN: EMAILADDRESS=android@android.com, CN=Android, OU=Android, O=Android, L=Mountain View, ST=California, C=US
[debug] [35m[ADB][39m Signer #1 certificate SHA-256 digest: a40da80a59d170caa950cf15c18c454d47a39b26989d8b640ecd745ba71bf5dc
[debug] [35m[ADB][39m Signer #1 certificate SHA-1 digest: 61ed377e85d386a8dfee6b864bd85b0bfaa5af81
[debug] [35m[ADB][39m Signer #1 certificate MD5 digest: e89b158e4bcf988ebd09eb83f5378e87
[debug] [35m[ADB][39m 
[debug] [35m[ADB][39m sha256 hash did match for 'appium-uiautomator2-server-v4.27.0.apk'
[35m[ADB][39m 'C:\Users\salsa\AppData\Roaming\npm\node_modules\appium\node_modules\appium-uiautomator2-server\apks\appium-uiautomator2-server-v4.27.0.apk' is signed with the default certificate
[debug] [35m[ADB][39m Getting install status for io.appium.uiautomator2.server.test
[debug] [35m[ADB][39m Running 'C:\Users\salsa\.katalon\tools\android_sdk\platform-tools\adb.exe -P 5037 -s aeebca410407 shell dumpsys package io.appium.uiautomator2.server.test'
[debug] [35m[ADB][39m 'io.appium.uiautomator2.server.test' is installed
[debug] [35m[ADB][39m Checking app cert for C:\Users\salsa\AppData\Roaming\npm\node_modules\appium\node_modules\appium-uiautomator2-server\apks\appium-uiautomator2-server-debug-androidTest.apk
[debug] [35m[ADB][39m Starting apksigner: F:\\Katalon_Studio_Windows_64-8.2.5\\jre\\bin\\java.exe -Xmx1024M -Xss1m -jar C:\\Users\\salsa\\.katalon\\tools\\android_sdk\\build-tools\\29.0.3\\lib\\apksigner.jar verify --print-certs C:\\Users\\salsa\\AppData\\Roaming\\npm\\node_modules\\appium\\node_modules\\appium-uiautomator2-server\\apks\\appium-uiautomator2-server-debug-androidTest.apk
[debug] [35m[ADB][39m apksigner stdout: Signer #1 certificate DN: EMAILADDRESS=android@android.com, CN=Android, OU=Android, O=Android, L=Mountain View, ST=California, C=US
[debug] [35m[ADB][39m Signer #1 certificate SHA-256 digest: a40da80a59d170caa950cf15c18c454d47a39b26989d8b640ecd745ba71bf5dc
[debug] [35m[ADB][39m Signer #1 certificate SHA-1 digest: 61ed377e85d386a8dfee6b864bd85b0bfaa5af81
[debug] [35m[ADB][39m Signer #1 certificate MD5 digest: e89b158e4bcf988ebd09eb83f5378e87
[debug] [35m[ADB][39m 
[debug] [35m[ADB][39m sha256 hash did match for 'appium-uiautomator2-server-debug-androidTest.apk'
[35m[ADB][39m 'C:\Users\salsa\AppData\Roaming\npm\node_modules\appium\node_modules\appium-uiautomator2-server\apks\appium-uiautomator2-server-debug-androidTest.apk' is signed with the default certificate
[35m[UiAutomator2][39m Server packages are not going to be (re)installed
[debug] [35m[UiAutomator2][39m Waiting up to 30000ms for services to be available
[debug] [35m[ADB][39m Running 'C:\Users\salsa\.katalon\tools\android_sdk\platform-tools\adb.exe -P 5037 -s aeebca410407 shell pm list instrumentation'
[debug] [35m[UiAutomator2][39m Instrumentation target 'io.appium.uiautomator2.server.test/androidx.test.runner.AndroidJUnitRunner' is available
[35m[ADB][39m Adding packages ["io.appium.settings","io.appium.uiautomator2.server","io.appium.uiautomator2.server.test"] to Doze whitelist
[debug] [35m[ADB][39m Got the following command chunks to execute: [["dumpsys","deviceidle","whitelist","+io.appium.settings",";","dumpsys","deviceidle","whitelist","+io.appium.uiautomator2.server",";","dumpsys","deviceidle","whitelist","+io.appium.uiautomator2.server.test",";"]]
[debug] [35m[ADB][39m Running 'C:\Users\salsa\.katalon\tools\android_sdk\platform-tools\adb.exe -P 5037 -s aeebca410407 shell dumpsys deviceidle whitelist +io.appium.settings ; dumpsys deviceidle whitelist +io.appium.uiautomator2.server ; dumpsys deviceidle whitelist +io.appium.uiautomator2.server.test ;'
[debug] [35m[UiAutomator2][39m No app capability. Assuming it is already on the device
[debug] [35m[ADB][39m Getting install status for com.android.settings
[debug] [35m[ADB][39m Running 'C:\Users\salsa\.katalon\tools\android_sdk\platform-tools\adb.exe -P 5037 -s aeebca410407 shell dumpsys package com.android.settings'
[debug] [35m[ADB][39m 'com.android.settings' is installed
[debug] [35m[ADB][39m Running 'C:\Users\salsa\.katalon\tools\android_sdk\platform-tools\adb.exe -P 5037 -s aeebca410407 shell am force-stop com.android.settings'
[debug] [35m[ADB][39m Running 'C:\Users\salsa\.katalon\tools\android_sdk\platform-tools\adb.exe -P 5037 -s aeebca410407 shell pm clear com.android.settings'
[debug] [35m[ADB][39m Running 'C:\Users\salsa\.katalon\tools\android_sdk\platform-tools\adb.exe -P 5037 -s aeebca410407 shell dumpsys package com.android.settings'
[debug] [35m[ADB][39m Retrieving requested permissions
[debug] [35m[ADB][39m Retrieved 354 permissions from requested group
[debug] [35m[ADB][39m Retrieving granted permissions
[debug] [35m[ADB][39m Retrieved 281 permissions from install,runtime groups
[debug] [35m[ADB][39m Granting permissions ["android.globallauncher.permission.READ_SETTINGS","android.globallauncher.permission.WRITE_SETTINGS"] to 'com.android.settings'
[debug] [35m[ADB][39m Got the following command chunks to execute: [["pm","grant","com.android.settings","android.globallauncher.permission.READ_SETTINGS",";","pm","grant","com.android.settings","android.globallauncher.permission.WRITE_SETTINGS",";"]]
[debug] [35m[ADB][39m Running 'C:\Users\salsa\.katalon\tools\android_sdk\platform-tools\adb.exe -P 5037 -s aeebca410407 shell pm grant com.android.settings android.globallauncher.permission.READ_SETTINGS ; pm grant com.android.settings android.globallauncher.permission.WRITE_SETTINGS ;'
[debug] [35m[AndroidDriver][39m Performed fast reset on the installed 'com.android.settings' application (stop and clear)
[debug] [35m[UiAutomator2][39m Performing shallow cleanup of automation leftovers
[debug] [35m[UiAutomator2][39m The following obsolete sessions are still running: ["f681b9a4-8aad-4217-8093-4fa0bde5a45d"]
[debug] [35m[UiAutomator2][39m Cleaning up 1 obsolete session
[debug] [35m[ADB][39m Running 'C:\Users\salsa\.katalon\tools\android_sdk\platform-tools\adb.exe -P 5037 -s aeebca410407 shell am force-stop io.appium.uiautomator2.server.test'
[35m[UiAutomator2][39m Starting UIAutomator2 server 4.27.0
[35m[UiAutomator2][39m Using UIAutomator2 server from 'C:\Users\salsa\AppData\Roaming\npm\node_modules\appium\node_modules\appium-uiautomator2-server\apks\appium-uiautomator2-server-v4.27.0.apk' and test from 'C:\Users\salsa\AppData\Roaming\npm\node_modules\appium\node_modules\appium-uiautomator2-server\apks\appium-uiautomator2-server-debug-androidTest.apk'
[35m[UiAutomator2][39m Waiting up to 30000ms for UiAutomator2 to be online...
[debug] [35m[ADB][39m Creating ADB subprocess with args: ["-P",5037,"-s","aeebca410407","shell","am","instrument","-w","-e","disableAnalytics",true,"io.appium.uiautomator2.server.test/androidx.test.runner.AndroidJUnitRunner"]
[debug] [35m[WD Proxy][39m Matched '/status' to command name 'getStatus'
[debug] [35m[WD Proxy][39m Proxying [GET /status] to [GET http://127.0.0.1:8272/wd/hub/status] with no body
[35m[WD Proxy][39m socket hang up
[debug] [35m[WD Proxy][39m Matched '/status' to command name 'getStatus'
[debug] [35m[WD Proxy][39m Proxying [GET /status] to [GET http://127.0.0.1:8272/wd/hub/status] with no body
[35m[WD Proxy][39m socket hang up
[debug] [35m[Instrumentation][39m io.appium.uiautomator2.server.test.AppiumUiAutomator2Server:
[debug] [35m[WD Proxy][39m Matched '/status' to command name 'getStatus'
[debug] [35m[WD Proxy][39m Proxying [GET /status] to [GET http://127.0.0.1:8272/wd/hub/status] with no body
[35m[WD Proxy][39m socket hang up
[debug] [35m[WD Proxy][39m Matched '/status' to command name 'getStatus'
[debug] [35m[WD Proxy][39m Proxying [GET /status] to [GET http://127.0.0.1:8272/wd/hub/status] with no body
[debug] [35m[WD Proxy][39m Got response with status 200: {"sessionId":"None","value":{"message":"UiAutomator2 Server is ready to accept commands","ready":true}}
[debug] [35m[UiAutomator2][39m The initialization of the instrumentation process took 3219ms
[debug] [35m[WD Proxy][39m Matched '/session' to command name 'createSession'
[debug] [35m[WD Proxy][39m Proxying [POST /session] to [POST http://127.0.0.1:8272/wd/hub/session] with body: {"capabilities":{"firstMatch":[{"platform":"ANDROID","webStorageEnabled":false,"takesScreenshot":true,"javascriptEnabled":true,"databaseEnabled":false,"networkConnectionEnabled":true,"locationContextEnabled":false,"warnings":{},"desired":{"platformName":"android","platform":"ANDROID","chromedriverPort":60448,"appActivity":".Settings","appPackage":"com.android.settings","autoGrantPermissions":true,"automationName":"uiautomator2","deviceName":"Xiaomi M2003J15SC (Android 11)","newCommandTimeout":1800,"platformVersion":"11","systemPort":8272,"udid":"aeebca410407"},"platformName":"android","chromedriverPort":60448,"appActivity":".Settings","appPackage":"com.android.settings","autoGrantPermissions":true,"automationName":"uiautomator2","deviceName":"aeebca410407","newCommandTimeout":1800,"platformVersion":"11","systemPort":8272,"udid":"aeebca410407","deviceUDID":"aeebca410407"}],"alwaysMatch":{}}}
[debug] [35m[WD Proxy][39m Got response with status 200: {"sessionId":"260e95e2-678f-4299-9a4e-36c03409c31c","value":{"capabilities":{"firstMatch":[{"platform":"ANDROID","webStorageEnabled":false,"takesScreenshot":true,"javascriptEnabled":true,"databaseEnabled":false,"networkConnectionEnabled":true,"locationContextEnabled":false,"warnings":{},"desired":{"platformName":"android","platform":"ANDROID","chromedriverPort":60448,"appActivity":".Settings","appPackage":"com.android.settings","autoGrantPermissions":true,"automationName":"uiautomator2","deviceName":"Xiaomi M2003J15SC (Android 11)","newCommandTimeout":1800,"platformVersion":"11","systemPort":8272,"udid":"aeebca410407"},"platformName":"android","chromedriverPort":60448,"appActivity":".Settings","appPackage":"com.android.settings","autoGrantPermissions":true,"automationName":"uiautomator2","deviceName":"aeebca410407","newCommandTimeout":1800,"platformVersion":"11","systemPort":8272,"udid":"aeebca410407","deviceUDID":"aeebca410407"}],"alwaysMatch":{}},"sessionId":"260e95e2-678f-4299-9a4e-36c03409c31c"}}
[35m[WD Proxy][39m Determined the downstream protocol as 'W3C'
[debug] [35m[WD Proxy][39m Proxying [GET /appium/device/info] to [GET http://127.0.0.1:8272/wd/hub/session/260e95e2-678f-4299-9a4e-36c03409c31c/appium/device/info] with no body
[debug] [35m[WD Proxy][39m Got response with status 200: {"sessionId":"260e95e2-678f-4299-9a4e-36c03409c31c","value":{"androidId":"ddf71c4a2a5ee463","apiVersion":"30","bluetooth":{"state":"OFF"},"brand":"Redmi","carrierName":"","displayDensity":352,"locale":"en_US","manufacturer":"Xiaomi","model":"M2003J15SC","networks":[{"capabilities":{"SSID":null,"linkDownBandwidthKbps":46000,"linkUpstreamBandwidthKbps":46000,"networkCapabilities":"NET_CAPABILITY_NOT_METERED,NET_CAPABILITY_INTERNET,NET_CAPABILITY_NOT_RESTRICTED,NET_CAPABILITY_TRUSTED,NET_CAPABILITY_NOT_VPN,NET_CAPABILITY_VALIDATED,NET_CAPABILITY_NOT_ROAMING,NET_CAPABILITY_FOREGROUND,NET_CAPABILITY_NOT_CONGESTED,NET_CAPABILITY_NOT_SUSPENDED","signalStrength":-66,"transportTypes":"TRANSPORT_WIFI"},"detailedState":"CONNECTED","extraInfo":"","isAvailable":true,"isConnected":true,"isFailover":false,"isRoaming":false,"state":"CONNECTED","subtype":0,"subtypeName":"","type":1,"typeName":"WIFI"}],"platformVersion":"11","realDisplaySize":"1080x2340","timeZone":"Asia/Jakarta"}}
[debug] [35m[ADB][39m Running 'C:\Users\salsa\.katalon\tools\android_sdk\platform-tools\adb.exe -P 5037 -s aeebca410407 shell dumpsys window'
[35m[AndroidDriver][39m Screen already unlocked, doing nothing
[35m[UiAutomator2][39m Starting 'com.android.settings/.Settings and waiting for 'com.android.settings/.Settings'
[debug] [35m[ADB][39m Running 'C:\Users\salsa\.katalon\tools\android_sdk\platform-tools\adb.exe -P 5037 -s aeebca410407 shell am start -W -n com.android.settings/.Settings -S -a android.intent.action.MAIN -c android.intent.category.LAUNCHER -f 0x10200000'
[debug] [35m[WD Proxy][39m Proxying [GET /appium/device/pixel_ratio] to [GET http://127.0.0.1:8272/wd/hub/session/260e95e2-678f-4299-9a4e-36c03409c31c/appium/device/pixel_ratio] with no body
[debug] [35m[WD Proxy][39m Got response with status 200: {"sessionId":"260e95e2-678f-4299-9a4e-36c03409c31c","value":2.2}
[debug] [35m[WD Proxy][39m Matched '/appium/device/system_bars' to command name 'getSystemBars'
[debug] [35m[WD Proxy][39m Proxying [GET /appium/device/system_bars] to [GET http://127.0.0.1:8272/wd/hub/session/260e95e2-678f-4299-9a4e-36c03409c31c/appium/device/system_bars] with no body
[debug] [35m[WD Proxy][39m Got response with status 200: {"sessionId":"260e95e2-678f-4299-9a4e-36c03409c31c","value":{"statusBar":100}}
[debug] [35m[WD Proxy][39m Matched '/window/current/size' to command name 'getWindowSize'
[debug] [35m[WD Proxy][39m Proxying [GET /window/current/size] to [GET http://127.0.0.1:8272/wd/hub/session/260e95e2-678f-4299-9a4e-36c03409c31c/window/current/size] with no body
[debug] [35m[WD Proxy][39m Got response with status 200: {"sessionId":"260e95e2-678f-4299-9a4e-36c03409c31c","value":{"height":2136,"width":1080}}
[35m[Appium][39m New AndroidUiautomator2Driver session created successfully, session f589c691-4177-4fa3-968e-90c0e44a342f added to master session list
[debug] [35m[BaseDriver][39m Event 'newSessionStarted' logged at 1658105458133 (07:50:58 GMT+0700 (Western Indonesia Time))
[debug] [35m[W3C (f589c691)][39m Cached the protocol value 'W3C' for the new session f589c691-4177-4fa3-968e-90c0e44a342f
[debug] [35m[W3C (f589c691)][39m Responding to client with driver.createSession() result: {"capabilities":{"platform":"ANDROID","webStorageEnabled":false,"takesScreenshot":true,"javascriptEnabled":true,"databaseEnabled":false,"networkConnectionEnabled":true,"locationContextEnabled":false,"warnings":{},"desired":{"platformName":"android","platform":"ANDROID","chromedriverPort":60448,"appActivity":".Settings","appPackage":"com.android.settings","autoGrantPermissions":true,"automationName":"uiautomator2","deviceName":"Xiaomi M2003J15SC (Android 11)","newCommandTimeout":1800,"platformVersion":"11","systemPort":8272,"udid":"aeebca410407"},"platformName":"android","chromedriverPort":60448,"appActivity":".Settings","appPackage":"com.android.settings","autoGrantPermissions":true,"automationName":"uiautomator2","deviceName":"aeebca410407","newCommandTimeout":1800,"platformVersion":"11","systemPort":8272,"udid":"aeebca410407","deviceUDID":"aeebca410407","deviceApiLevel":30,"deviceScreenSize":"1080x2340","deviceScreenDensity":352,"deviceModel":"M2003J15SC","deviceManufacturer":"Xiaomi","pixelRatio":2.2,"s...
[35m[HTTP][39m [37m<-- POST /wd/hub/session [39m[32m200[39m [90m13029 ms - 1164[39m
[35m[HTTP][39m [90m[39m
[35m[HTTP][39m [37m-->[39m [37mGET[39m [37m/wd/hub/session/f589c691-4177-4fa3-968e-90c0e44a342f[39m
[35m[HTTP][39m [90m{}[39m
[debug] [35m[W3C (f589c691)][39m Calling AppiumDriver.getSession() with args: ["f589c691-4177-4fa3-968e-90c0e44a342f"]
[debug] [35m[UiAutomator2][39m Getting session details from server to mix in
[debug] [35m[WD Proxy][39m Matched '/' to command name 'getSession'
[debug] [35m[WD Proxy][39m Proxying [GET /] to [GET http://127.0.0.1:8272/wd/hub/session/260e95e2-678f-4299-9a4e-36c03409c31c] with no body
[debug] [35m[WD Proxy][39m Got response with status 200: {"sessionId":"260e95e2-678f-4299-9a4e-36c03409c31c","value":{"lastScrollData":null}}
[debug] [35m[W3C (f589c691)][39m Responding to client with driver.getSession() result: {"platform":"ANDROID","webStorageEnabled":false,"takesScreenshot":true,"javascriptEnabled":true,"databaseEnabled":false,"networkConnectionEnabled":true,"locationContextEnabled":false,"warnings":{},"desired":{"platformName":"android","platform":"ANDROID","chromedriverPort":60448,"appActivity":".Settings","appPackage":"com.android.settings","autoGrantPermissions":true,"automationName":"uiautomator2","deviceName":"Xiaomi M2003J15SC (Android 11)","newCommandTimeout":1800,"platformVersion":"11","systemPort":8272,"udid":"aeebca410407"},"platformName":"android","chromedriverPort":60448,"appActivity":".Settings","appPackage":"com.android.settings","autoGrantPermissions":true,"automationName":"uiautomator2","deviceName":"aeebca410407","newCommandTimeout":1800,"platformVersion":"11","systemPort":8272,"udid":"aeebca410407","deviceUDID":"aeebca410407","deviceApiLevel":30,"deviceScreenSize":"1080x2340","deviceScreenDensity":352,"deviceModel":"M2003J15SC","deviceManufacturer":"Xiaomi","pixelRatio":2.2,"statBarHeight":10...
[35m[HTTP][39m [37m<-- GET /wd/hub/session/f589c691-4177-4fa3-968e-90c0e44a342f [39m[32m200[39m [90m28 ms - 1118[39m
[35m[HTTP][39m [90m[39m
[35m[HTTP][39m [37m-->[39m [37mGET[39m [37m/wd/hub/session/f589c691-4177-4fa3-968e-90c0e44a342f[39m
[35m[HTTP][39m [90m{}[39m
[debug] [35m[W3C (f589c691)][39m Calling AppiumDriver.getSession() with args: ["f589c691-4177-4fa3-968e-90c0e44a342f"]
[debug] [35m[UiAutomator2][39m Getting session details from server to mix in
[debug] [35m[WD Proxy][39m Matched '/' to command name 'getSession'
[debug] [35m[WD Proxy][39m Proxying [GET /] to [GET http://127.0.0.1:8272/wd/hub/session/260e95e2-678f-4299-9a4e-36c03409c31c] with no body
[debug] [35m[WD Proxy][39m Got response with status 200: {"sessionId":"260e95e2-678f-4299-9a4e-36c03409c31c","value":{"lastScrollData":null}}
[debug] [35m[W3C (f589c691)][39m Responding to client with driver.getSession() result: {"platform":"ANDROID","webStorageEnabled":false,"takesScreenshot":true,"javascriptEnabled":true,"databaseEnabled":false,"networkConnectionEnabled":true,"locationContextEnabled":false,"warnings":{},"desired":{"platformName":"android","platform":"ANDROID","chromedriverPort":60448,"appActivity":".Settings","appPackage":"com.android.settings","autoGrantPermissions":true,"automationName":"uiautomator2","deviceName":"Xiaomi M2003J15SC (Android 11)","newCommandTimeout":1800,"platformVersion":"11","systemPort":8272,"udid":"aeebca410407"},"platformName":"android","chromedriverPort":60448,"appActivity":".Settings","appPackage":"com.android.settings","autoGrantPermissions":true,"automationName":"uiautomator2","deviceName":"aeebca410407","newCommandTimeout":1800,"platformVersion":"11","systemPort":8272,"udid":"aeebca410407","deviceUDID":"aeebca410407","deviceApiLevel":30,"deviceScreenSize":"1080x2340","deviceScreenDensity":352,"deviceModel":"M2003J15SC","deviceManufacturer":"Xiaomi","pixelRatio":2.2,"statBarHeight":10...
[35m[HTTP][39m [37m<-- GET /wd/hub/session/f589c691-4177-4fa3-968e-90c0e44a342f [39m[32m200[39m [90m28 ms - 1118[39m
[35m[HTTP][39m [90m[39m
[35m[HTTP][39m [37m-->[39m [37mGET[39m [37m/wd/hub/status[39m
[35m[HTTP][39m [90m{}[39m
[debug] [35m[GENERIC][39m Calling AppiumDriver.getStatus() with args: []
[debug] [35m[GENERIC][39m Responding to client with driver.getStatus() result: {"build":{"version":"1.22.3"}}
[35m[HTTP][39m [37m<-- GET /wd/hub/status [39m[32m200[39m [90m2 ms - 68[39m
[35m[HTTP][39m [90m[39m
[35m[HTTP][39m [37m-->[39m [37mPOST[39m [37m/wd/hub/session/f589c691-4177-4fa3-968e-90c0e44a342f/timeouts[39m
[35m[HTTP][39m [90m{"implicit":30000}[39m
[debug] [35m[W3C (f589c691)][39m Calling AppiumDriver.timeouts() with args: [null,null,null,null,30000,"f589c691-4177-4fa3-968e-90c0e44a342f"]
[debug] [35m[BaseDriver][39m W3C timeout argument: {"implicit":30000}}
[debug] [35m[BaseDriver][39m Set implicit wait to 30000ms
[debug] [35m[W3C (f589c691)][39m Responding to client with driver.timeouts() result: null
[35m[HTTP][39m [37m<-- POST /wd/hub/session/f589c691-4177-4fa3-968e-90c0e44a342f/timeouts [39m[32m200[39m [90m9 ms - 14[39m
[35m[HTTP][39m [90m[39m
[35m[HTTP][39m [37m-->[39m [37mGET[39m [37m/wd/hub/session/f589c691-4177-4fa3-968e-90c0e44a342f/screenshot[39m
[35m[HTTP][39m [90m{}[39m
[debug] [35m[W3C (f589c691)][39m Calling AppiumDriver.getScreenshot() with args: ["f589c691-4177-4fa3-968e-90c0e44a342f"]
[debug] [35m[WD Proxy][39m Matched '/screenshot' to command name 'getScreenshot'
[debug] [35m[WD Proxy][39m Proxying [GET /screenshot] to [GET http://127.0.0.1:8272/wd/hub/session/260e95e2-678f-4299-9a4e-36c03409c31c/screenshot] with no body
[debug] [35m[WD Proxy][39m Got response with status 200: {"sessionId":"260e95e2-678f-4299-9a4e-36c03409c31c","value":"iVBORw0KGgoAAAANSUhEUgAABDgAAAkkCAYAAAD508+vAAAAAXNSR0IArs4c6QAAAARzQklUCAgI\nCHwIZIgAACAASURBVHic7L17eFTlvff9mfN5kskkk3MCAYKAUBVERMBqQVFpPaDdbT3RWqvd1+7b\n3Wtvu9ttn161fZ797O63b5+n2l1175bSoqD1XBAVKqgBkaOgQiDkTBJyPs1kzjPr/SOsm5mcE5KQ\ntPfnunIlM2vNWvf6zcrM/fvev4NGURQFiUQikUgkEolEIpFIJJJpjPZSD0AikUgkEolEIpFIJBKJ\n5GKRAodEIpFIJBKJRCKRSCSSaY8UOCQSiUQikUgkEolEIpFMe6TAIZFIJBKJRCKRSCQSiWTaIwUO\niUQikUgkEolEIpFIJNMeKXBIJBKJRCKRSCQSiUQimfZIgUMikUgkEolEIpFIJBLJtEcKHBKJRCKR\nSCQSiUQikUimPVLgkEgkEolEIpFIJBKJRDLtkQKHRCKRSCQSiUQikUgkkmmPFDgkEolEIpFIJBKJ\nRCKRTHukwCGRSCQSiUQikUgkEolk2iMFDolEIpFIJBKJRCKRSCTTHilwSCQSiUQikUgkEolEIpn2\n6C/1ACQSiUQiGQuKovR7TqPRXIKR/O0hbT89GOh9AvleSSQSieSvFylwSCQSiWTaEAqFaGhooLW1\nlWAwiE6nw+FwkJWVhcvlQqPRJP2MBNUJHMwZHCvq+cfbmbzY8Y51XBNh+/Fgou0x3e4PgMbGRtrb\n2+nu7gbAbrfjcrnIzMy8ZO+TRCKRSCSTgRQ4JBKJRDLlaWxsZPfu3ZSUlODz+YjH4+JHURQ0Gg2L\nFi1i9erVLFy4EL1ej06nQ6vVDunE/fKXv6S+vp54PA6MnxP7xBNPYDKZMBgMw45hpBw/fpzNmzeL\nax7LWH/2s59hMBhGNa6Jsv3F...
[debug] [35m[W3C (f589c691)][39m Responding to client with driver.getScreenshot() result: "iVBORw0KGgoAAAANSUhEUgAABDgAAAkkCAYAAAD508+vAAAAAXNSR0IArs4c6QAAAARzQklUCAgI\nCHwIZIgAACAASURBVHic7L17eFTlvff9mfN5kskkk3MCAYKAUBVERMBqQVFpPaDdbT3RWqvd1+7b\n3Wtvu9ttn161fZ797O63b5+n2l1175bSoqD1XBAVKqgBkaOgQiDkTBJyPs1kzjPr/SOsm5mcE5KQ\ntPfnunIlM2vNWvf6zcrM/fvev4NGURQFiUQikUgkEolEIpFIJJJpjPZSD0AikUgkEolEIpFIJBKJ\n5GKRAodEIpFIJBKJRCKRSCSSaY8UOCQSiUQikUgkEolEIpFMe6TAIZFIJBKJRCKRSCQSiWTaIwUO\niUQikUgkEolEIpFIJNMeKXBIJBKJRCKRSCQSiUQimfZIgUMikUgkEolEIpFIJBLJtEcKHBKJRCKR\nSCQSiUQikUimPVLgkEgkEolEIpFIJBKJRDLtkQKHRCKRSCQSiUQikUgkkmmPFDgkEolEIpFIJBKJ\nRCKRTHukwCGRSCQSiUQikUgkEolk2iMFDolEIpFIJBKJRCKRSCTTHilwSCQSiUQikUgkEolEIpn2\n6C/1ACQSiUQiGQuKovR7TqPRXIKR/O0hbT89GOh9AvleSSQSieSvFylwSCQSiWTaEAqFaGhooLW1\nlWAwiE6nw+FwkJWVhcvlQqPRJP2MBNUJHMwZHCvq+cfbmbzY8Y51XBNh+/Fgou0x3e4PgMbGRtrb\n2+nu7gbAbrfjcrnIzMy8ZO+TRCKRSCSTgRQ4JBKJRDLlaWxsZPfu3ZSUlODz+YjH4+JHURQ0Gg2L\nFi1i9erVLFy4EL1ej06nQ6vVDunE/fKXv6S+vp54PA6MnxP7xBNPYDKZMBgMw45hpBw/fpzNmzeL\nax7LWH/2s59hMBhGNa6Jsv3FMhn2mE73RygUYv/+/XzwwQeUl5f3e58AZs+ezbJly1i+fDl2ux2d\nTodOpw...
[35m[HTTP][39m [37m<-- GET /wd/hub/session/f589c691-4177-4fa3-968e-90c0e44a342f/screenshot [39m[32m200[39m [90m775 ms - 212140[39m
[35m[HTTP][39m [90m[39m
[35m[HTTP][39m [37m-->[39m [37mGET[39m [37m/wd/hub/session/f589c691-4177-4fa3-968e-90c0e44a342f/window/rect[39m
[35m[HTTP][39m [90m{}[39m
[debug] [35m[W3C (f589c691)][39m Calling AppiumDriver.getWindowRect() with args: ["f589c691-4177-4fa3-968e-90c0e44a342f"]
[debug] [35m[WD Proxy][39m Matched '/window/current/size' to command name 'getWindowSize'
[debug] [35m[WD Proxy][39m Proxying [GET /window/current/size] to [GET http://127.0.0.1:8272/wd/hub/session/260e95e2-678f-4299-9a4e-36c03409c31c/window/current/size] with no body
[debug] [35m[WD Proxy][39m Got response with status 200: {"sessionId":"260e95e2-678f-4299-9a4e-36c03409c31c","value":{"height":2136,"width":1080}}
[debug] [35m[W3C (f589c691)][39m Responding to client with driver.getWindowRect() result: {"width":1080,"height":2136,"x":0,"y":0}
[35m[HTTP][39m [37m<-- GET /wd/hub/session/f589c691-4177-4fa3-968e-90c0e44a342f/window/rect [39m[32m200[39m [90m31 ms - 50[39m
[35m[HTTP][39m [90m[39m
[35m[HTTP][39m [37m-->[39m [37mGET[39m [37m/wd/hub/session/f589c691-4177-4fa3-968e-90c0e44a342f/appium/device/system_bars[39m
[35m[HTTP][39m [90m{}[39m
[debug] [35m[W3C (f589c691)][39m Calling AppiumDriver.getSystemBars() with args: ["f589c691-4177-4fa3-968e-90c0e44a342f"]
[debug] [35m[ADB][39m Running 'C:\Users\salsa\.katalon\tools\android_sdk\platform-tools\adb.exe -P 5037 -s aeebca410407 shell dumpsys window windows'
[debug] [35m[W3C (f589c691)][39m Responding to client with driver.getSystemBars() result: {"statusBar":{"visible":true,"x":0,"y":0,"width":1080,"height":100},"navigationBar":{"visible":true,"x":0,"y":0,"width":1080,"height":104}}
[35m[HTTP][39m [37m<-- GET /wd/hub/session/f589c691-4177-4fa3-968e-90c0e44a342f/appium/device/system_bars [39m[32m200[39m [90m182 ms - 149[39m
[35m[HTTP][39m [90m[39m
[35m[HTTP][39m [37m-->[39m [37mPOST[39m [37m/wd/hub/session/f589c691-4177-4fa3-968e-90c0e44a342f/appium/device/activate_app[39m
[35m[HTTP][39m [90m{"bundleId":"com.example.capstone_project_lms"}[39m
[debug] [35m[W3C (f589c691)][39m Calling AppiumDriver.activateApp() with args: ["com.example.capstone_project_lms",null,null,null,"f589c691-4177-4fa3-968e-90c0e44a342f"]
[debug] [35m[AndroidDriver][39m Activating 'com.example.capstone_project_lms' with 'adb shell monkey -p com.example.capstone_project_lms -c android.intent.category.LAUNCHER 1' command
[debug] [35m[ADB][39m Running 'C:\Users\salsa\.katalon\tools\android_sdk\platform-tools\adb.exe -P 5037 -s aeebca410407 shell monkey -p com.example.capstone_project_lms -c android.intent.category.LAUNCHER 1'
[debug] [35m[AndroidDriver][39m Command stdout: bash arg: -p
[debug] [35m[AndroidDriver][39m   bash arg: com.example.capstone_project_lms
[debug] [35m[AndroidDriver][39m   bash arg: -c
[debug] [35m[AndroidDriver][39m   bash arg: android.intent.category.LAUNCHER
[debug] [35m[AndroidDriver][39m   bash arg: 1
[debug] [35m[AndroidDriver][39m Events injected: 1
[debug] [35m[AndroidDriver][39m ## Network stats: elapsed time=49ms (0ms mobile, 0ms wifi, 49ms not connected)
[debug] [35m[W3C (f589c691)][39m Responding to client with driver.activateApp() result: null
[35m[HTTP][39m [37m<-- POST /wd/hub/session/f589c691-4177-4fa3-968e-90c0e44a342f/appium/device/activate_app [39m[32m200[39m [90m689 ms - 14[39m
[35m[HTTP][39m [90m[39m
[35m[HTTP][39m [37m-->[39m [37mPOST[39m [37m/wd/hub/session/f589c691-4177-4fa3-968e-90c0e44a342f/timeouts[39m
[35m[HTTP][39m [90m{"implicit":50}[39m
[debug] [35m[W3C (f589c691)][39m Calling AppiumDriver.timeouts() with args: [null,null,null,null,50,"f589c691-4177-4fa3-968e-90c0e44a342f"]
[debug] [35m[BaseDriver][39m W3C timeout argument: {"implicit":50}}
[debug] [35m[BaseDriver][39m Set implicit wait to 50ms
[debug] [35m[W3C (f589c691)][39m Responding to client with driver.timeouts() result: null
[35m[HTTP][39m [37m<-- POST /wd/hub/session/f589c691-4177-4fa3-968e-90c0e44a342f/timeouts [39m[32m200[39m [90m5 ms - 14[39m
[35m[HTTP][39m [90m[39m
[35m[HTTP][39m [37m-->[39m [37mGET[39m [37m/wd/hub/session/f589c691-4177-4fa3-968e-90c0e44a342f/window/rect[39m
[35m[HTTP][39m [90m{}[39m
[debug] [35m[W3C (f589c691)][39m Calling AppiumDriver.getWindowRect() with args: ["f589c691-4177-4fa3-968e-90c0e44a342f"]
[debug] [35m[WD Proxy][39m Matched '/window/current/size' to command name 'getWindowSize'
[debug] [35m[WD Proxy][39m Proxying [GET /window/current/size] to [GET http://127.0.0.1:8272/wd/hub/session/260e95e2-678f-4299-9a4e-36c03409c31c/window/current/size] with no body
[debug] [35m[WD Proxy][39m Got response with status 200: {"sessionId":"260e95e2-678f-4299-9a4e-36c03409c31c","value":{"height":2136,"width":1080}}
[debug] [35m[W3C (f589c691)][39m Responding to client with driver.getWindowRect() result: {"width":1080,"height":2136,"x":0,"y":0}
[35m[HTTP][39m [37m<-- GET /wd/hub/session/f589c691-4177-4fa3-968e-90c0e44a342f/window/rect [39m[32m200[39m [90m29 ms - 50[39m
[35m[HTTP][39m [90m[39m
[35m[HTTP][39m [37m-->[39m [37mPOST[39m [37m/wd/hub/session/f589c691-4177-4fa3-968e-90c0e44a342f/elements[39m
[35m[HTTP][39m [90m{"using":"accessibility id","value":"Don't have an account? Sign Up"}[39m
[debug] [35m[W3C (f589c691)][39m Calling AppiumDriver.findElements() with args: ["accessibility id","Don't have an account? Sign Up","f589c691-4177-4fa3-968e-90c0e44a342f"]
[debug] [35m[BaseDriver][39m Valid locator strategies for this request: xpath, id, class name, accessibility id, css selector, -android uiautomator
[debug] [35m[BaseDriver][39m Waiting up to 50 ms for condition
[debug] [35m[WD Proxy][39m Matched '/elements' to command name 'findElements'
[debug] [35m[WD Proxy][39m Proxying [POST /elements] to [POST http://127.0.0.1:8272/wd/hub/session/260e95e2-678f-4299-9a4e-36c03409c31c/elements] with body: {"strategy":"accessibility id","selector":"Don't have an account? Sign Up","context":"","multiple":true}
[debug] [35m[WD Proxy][39m Got response with status 200: {"sessionId":"260e95e2-678f-4299-9a4e-36c03409c31c","value":[]}
[debug] [35m[W3C (f589c691)][39m Responding to client with driver.findElements() result: []
[35m[HTTP][39m [37m<-- POST /wd/hub/session/f589c691-4177-4fa3-968e-90c0e44a342f/elements [39m[32m200[39m [90m82 ms - 12[39m
[35m[HTTP][39m [90m[39m
[35m[HTTP][39m [37m-->[39m [37mPOST[39m [37m/wd/hub/session/f589c691-4177-4fa3-968e-90c0e44a342f/elements[39m
[35m[HTTP][39m [90m{"using":"accessibility id","value":"Don't have an account? Sign Up"}[39m
[debug] [35m[W3C (f589c691)][39m Calling AppiumDriver.findElements() with args: ["accessibility id","Don't have an account? Sign Up","f589c691-4177-4fa3-968e-90c0e44a342f"]
[debug] [35m[BaseDriver][39m Valid locator strategies for this request: xpath, id, class name, accessibility id, css selector, -android uiautomator
[debug] [35m[BaseDriver][39m Waiting up to 50 ms for condition
[debug] [35m[WD Proxy][39m Matched '/elements' to command name 'findElements'
[debug] [35m[WD Proxy][39m Proxying [POST /elements] to [POST http://127.0.0.1:8272/wd/hub/session/260e95e2-678f-4299-9a4e-36c03409c31c/elements] with body: {"strategy":"accessibility id","selector":"Don't have an account? Sign Up","context":"","multiple":true}
[debug] [35m[WD Proxy][39m Got response with status 200: {"sessionId":"260e95e2-678f-4299-9a4e-36c03409c31c","value":[]}
[debug] [35m[W3C (f589c691)][39m Responding to client with driver.findElements() result: []
[35m[HTTP][39m [37m<-- POST /wd/hub/session/f589c691-4177-4fa3-968e-90c0e44a342f/elements [39m[32m200[39m [90m76 ms - 12[39m
[35m[HTTP][39m [90m[39m
[35m[HTTP][39m [37m-->[39m [37mPOST[39m [37m/wd/hub/session/f589c691-4177-4fa3-968e-90c0e44a342f/elements[39m
[35m[HTTP][39m [90m{"using":"accessibility id","value":"Don't have an account? Sign Up"}[39m
[debug] [35m[W3C (f589c691)][39m Calling AppiumDriver.findElements() with args: ["accessibility id","Don't have an account? Sign Up","f589c691-4177-4fa3-968e-90c0e44a342f"]
[debug] [35m[BaseDriver][39m Valid locator strategies for this request: xpath, id, class name, accessibility id, css selector, -android uiautomator
[debug] [35m[BaseDriver][39m Waiting up to 50 ms for condition
[debug] [35m[WD Proxy][39m Matched '/elements' to command name 'findElements'
[debug] [35m[WD Proxy][39m Proxying [POST /elements] to [POST http://127.0.0.1:8272/wd/hub/session/260e95e2-678f-4299-9a4e-36c03409c31c/elements] with body: {"strategy":"accessibility id","selector":"Don't have an account? Sign Up","context":"","multiple":true}
[debug] [35m[WD Proxy][39m Got response with status 200: {"sessionId":"260e95e2-678f-4299-9a4e-36c03409c31c","value":[]}
[debug] [35m[W3C (f589c691)][39m Responding to client with driver.findElements() result: []
[35m[HTTP][39m [37m<-- POST /wd/hub/session/f589c691-4177-4fa3-968e-90c0e44a342f/elements [39m[32m200[39m [90m83 ms - 12[39m
[35m[HTTP][39m [90m[39m
[35m[HTTP][39m [37m-->[39m [37mPOST[39m [37m/wd/hub/session/f589c691-4177-4fa3-968e-90c0e44a342f/elements[39m
[35m[HTTP][39m [90m{"using":"accessibility id","value":"Don't have an account? Sign Up"}[39m
[debug] [35m[W3C (f589c691)][39m Calling AppiumDriver.findElements() with args: ["accessibility id","Don't have an account? Sign Up","f589c691-4177-4fa3-968e-90c0e44a342f"]
[debug] [35m[BaseDriver][39m Valid locator strategies for this request: xpath, id, class name, accessibility id, css selector, -android uiautomator
[debug] [35m[BaseDriver][39m Waiting up to 50 ms for condition
[debug] [35m[WD Proxy][39m Matched '/elements' to command name 'findElements'
[debug] [35m[WD Proxy][39m Proxying [POST /elements] to [POST http://127.0.0.1:8272/wd/hub/session/260e95e2-678f-4299-9a4e-36c03409c31c/elements] with body: {"strategy":"accessibility id","selector":"Don't have an account? Sign Up","context":"","multiple":true}
[debug] [35m[WD Proxy][39m Got response with status 200: {"sessionId":"260e95e2-678f-4299-9a4e-36c03409c31c","value":[]}
[debug] [35m[W3C (f589c691)][39m Responding to client with driver.findElements() result: []
[35m[HTTP][39m [37m<-- POST /wd/hub/session/f589c691-4177-4fa3-968e-90c0e44a342f/elements [39m[32m200[39m [90m83 ms - 12[39m
[35m[HTTP][39m [90m[39m
[35m[HTTP][39m [37m-->[39m [37mPOST[39m [37m/wd/hub/session/f589c691-4177-4fa3-968e-90c0e44a342f/elements[39m
[35m[HTTP][39m [90m{"using":"accessibility id","value":"Don't have an account? Sign Up"}[39m
[debug] [35m[W3C (f589c691)][39m Calling AppiumDriver.findElements() with args: ["accessibility id","Don't have an account? Sign Up","f589c691-4177-4fa3-968e-90c0e44a342f"]
[debug] [35m[BaseDriver][39m Valid locator strategies for this request: xpath, id, class name, accessibility id, css selector, -android uiautomator
[debug] [35m[BaseDriver][39m Waiting up to 50 ms for condition
[debug] [35m[WD Proxy][39m Matched '/elements' to command name 'findElements'
[debug] [35m[WD Proxy][39m Proxying [POST /elements] to [POST http://127.0.0.1:8272/wd/hub/session/260e95e2-678f-4299-9a4e-36c03409c31c/elements] with body: {"strategy":"accessibility id","selector":"Don't have an account? Sign Up","context":"","multiple":true}
[debug] [35m[WD Proxy][39m Got response with status 200: {"sessionId":"260e95e2-678f-4299-9a4e-36c03409c31c","value":[]}
[debug] [35m[W3C (f589c691)][39m Responding to client with driver.findElements() result: []
[35m[HTTP][39m [37m<-- POST /wd/hub/session/f589c691-4177-4fa3-968e-90c0e44a342f/elements [39m[32m200[39m [90m68 ms - 12[39m
[35m[HTTP][39m [90m[39m
[35m[HTTP][39m [37m-->[39m [37mPOST[39m [37m/wd/hub/session/f589c691-4177-4fa3-968e-90c0e44a342f/elements[39m
[35m[HTTP][39m [90m{"using":"accessibility id","value":"Don't have an account? Sign Up"}[39m
[debug] [35m[W3C (f589c691)][39m Calling AppiumDriver.findElements() with args: ["accessibility id","Don't have an account? Sign Up","f589c691-4177-4fa3-968e-90c0e44a342f"]
[debug] [35m[BaseDriver][39m Valid locator strategies for this request: xpath, id, class name, accessibility id, css selector, -android uiautomator
[debug] [35m[BaseDriver][39m Waiting up to 50 ms for condition
[debug] [35m[WD Proxy][39m Matched '/elements' to command name 'findElements'
[debug] [35m[WD Proxy][39m Proxying [POST /elements] to [POST http://127.0.0.1:8272/wd/hub/session/260e95e2-678f-4299-9a4e-36c03409c31c/elements] with body: {"strategy":"accessibility id","selector":"Don't have an account? Sign Up","context":"","multiple":true}
[debug] [35m[WD Proxy][39m Got response with status 200: {"sessionId":"260e95e2-678f-4299-9a4e-36c03409c31c","value":[]}
[debug] [35m[W3C (f589c691)][39m Responding to client with driver.findElements() result: []
[35m[HTTP][39m [37m<-- POST /wd/hub/session/f589c691-4177-4fa3-968e-90c0e44a342f/elements [39m[32m200[39m [90m71 ms - 12[39m
[35m[HTTP][39m [90m[39m
[35m[HTTP][39m [37m-->[39m [37mPOST[39m [37m/wd/hub/session/f589c691-4177-4fa3-968e-90c0e44a342f/elements[39m
[35m[HTTP][39m [90m{"using":"accessibility id","value":"Don't have an account? Sign Up"}[39m
[debug] [35m[W3C (f589c691)][39m Calling AppiumDriver.findElements() with args: ["accessibility id","Don't have an account? Sign Up","f589c691-4177-4fa3-968e-90c0e44a342f"]
[debug] [35m[BaseDriver][39m Valid locator strategies for this request: xpath, id, class name, accessibility id, css selector, -android uiautomator
[debug] [35m[BaseDriver][39m Waiting up to 50 ms for condition
[debug] [35m[WD Proxy][39m Matched '/elements' to command name 'findElements'
[debug] [35m[WD Proxy][39m Proxying [POST /elements] to [POST http://127.0.0.1:8272/wd/hub/session/260e95e2-678f-4299-9a4e-36c03409c31c/elements] with body: {"strategy":"accessibility id","selector":"Don't have an account? Sign Up","context":"","multiple":true}
[debug] [35m[WD Proxy][39m Got response with status 200: {"sessionId":"260e95e2-678f-4299-9a4e-36c03409c31c","value":[]}
[debug] [35m[W3C (f589c691)][39m Responding to client with driver.findElements() result: []
[35m[HTTP][39m [37m<-- POST /wd/hub/session/f589c691-4177-4fa3-968e-90c0e44a342f/elements [39m[32m200[39m [90m68 ms - 12[39m
[35m[HTTP][39m [90m[39m
[35m[HTTP][39m [37m-->[39m [37mPOST[39m [37m/wd/hub/session/f589c691-4177-4fa3-968e-90c0e44a342f/elements[39m
[35m[HTTP][39m [90m{"using":"accessibility id","value":"Don't have an account? Sign Up"}[39m
[debug] [35m[W3C (f589c691)][39m Calling AppiumDriver.findElements() with args: ["accessibility id","Don't have an account? Sign Up","f589c691-4177-4fa3-968e-90c0e44a342f"]
[debug] [35m[BaseDriver][39m Valid locator strategies for this request: xpath, id, class name, accessibility id, css selector, -android uiautomator
[debug] [35m[BaseDriver][39m Waiting up to 50 ms for condition
[debug] [35m[WD Proxy][39m Matched '/elements' to command name 'findElements'
[debug] [35m[WD Proxy][39m Proxying [POST /elements] to [POST http://127.0.0.1:8272/wd/hub/session/260e95e2-678f-4299-9a4e-36c03409c31c/elements] with body: {"strategy":"accessibility id","selector":"Don't have an account? Sign Up","context":"","multiple":true}
[debug] [35m[WD Proxy][39m Got response with status 200: {"sessionId":"260e95e2-678f-4299-9a4e-36c03409c31c","value":[]}
[debug] [35m[W3C (f589c691)][39m Responding to client with driver.findElements() result: []
[35m[HTTP][39m [37m<-- POST /wd/hub/session/f589c691-4177-4fa3-968e-90c0e44a342f/elements [39m[32m200[39m [90m76 ms - 12[39m
[35m[HTTP][39m [90m[39m
[35m[HTTP][39m [37m-->[39m [37mPOST[39m [37m/wd/hub/session/f589c691-4177-4fa3-968e-90c0e44a342f/elements[39m
[35m[HTTP][39m [90m{"using":"accessibility id","value":"Don't have an account? Sign Up"}[39m
[debug] [35m[W3C (f589c691)][39m Calling AppiumDriver.findElements() with args: ["accessibility id","Don't have an account? Sign Up","f589c691-4177-4fa3-968e-90c0e44a342f"]
[debug] [35m[BaseDriver][39m Valid locator strategies for this request: xpath, id, class name, accessibility id, css selector, -android uiautomator
[debug] [35m[BaseDriver][39m Waiting up to 50 ms for condition
[debug] [35m[WD Proxy][39m Matched '/elements' to command name 'findElements'
[debug] [35m[WD Proxy][39m Proxying [POST /elements] to [POST http://127.0.0.1:8272/wd/hub/session/260e95e2-678f-4299-9a4e-36c03409c31c/elements] with body: {"strategy":"accessibility id","selector":"Don't have an account? Sign Up","context":"","multiple":true}
[debug] [35m[WD Proxy][39m Got response with status 200: {"sessionId":"260e95e2-678f-4299-9a4e-36c03409c31c","value":[]}
[debug] [35m[W3C (f589c691)][39m Responding to client with driver.findElements() result: []
[35m[HTTP][39m [37m<-- POST /wd/hub/session/f589c691-4177-4fa3-968e-90c0e44a342f/elements [39m[32m200[39m [90m76 ms - 12[39m
[35m[HTTP][39m [90m[39m
[35m[HTTP][39m [37m-->[39m [37mPOST[39m [37m/wd/hub/session/f589c691-4177-4fa3-968e-90c0e44a342f/elements[39m
[35m[HTTP][39m [90m{"using":"accessibility id","value":"Don't have an account? Sign Up"}[39m
[debug] [35m[W3C (f589c691)][39m Calling AppiumDriver.findElements() with args: ["accessibility id","Don't have an account? Sign Up","f589c691-4177-4fa3-968e-90c0e44a342f"]
[debug] [35m[BaseDriver][39m Valid locator strategies for this request: xpath, id, class name, accessibility id, css selector, -android uiautomator
[debug] [35m[BaseDriver][39m Waiting up to 50 ms for condition
[debug] [35m[WD Proxy][39m Matched '/elements' to command name 'findElements'
[debug] [35m[WD Proxy][39m Proxying [POST /elements] to [POST http://127.0.0.1:8272/wd/hub/session/260e95e2-678f-4299-9a4e-36c03409c31c/elements] with body: {"strategy":"accessibility id","selector":"Don't have an account? Sign Up","context":"","multiple":true}
[debug] [35m[WD Proxy][39m Got response with status 200: {"sessionId":"260e95e2-678f-4299-9a4e-36c03409c31c","value":[]}
[debug] [35m[W3C (f589c691)][39m Responding to client with driver.findElements() result: []
[35m[HTTP][39m [37m<-- POST /wd/hub/session/f589c691-4177-4fa3-968e-90c0e44a342f/elements [39m[32m200[39m [90m68 ms - 12[39m
[35m[HTTP][39m [90m[39m
[35m[HTTP][39m [37m-->[39m [37mPOST[39m [37m/wd/hub/session/f589c691-4177-4fa3-968e-90c0e44a342f/elements[39m
[35m[HTTP][39m [90m{"using":"accessibility id","value":"Don't have an account? Sign Up"}[39m
[debug] [35m[W3C (f589c691)][39m Calling AppiumDriver.findElements() with args: ["accessibility id","Don't have an account? Sign Up","f589c691-4177-4fa3-968e-90c0e44a342f"]
[debug] [35m[BaseDriver][39m Valid locator strategies for this request: xpath, id, class name, accessibility id, css selector, -android uiautomator
[debug] [35m[BaseDriver][39m Waiting up to 50 ms for condition
[debug] [35m[WD Proxy][39m Matched '/elements' to command name 'findElements'
[debug] [35m[WD Proxy][39m Proxying [POST /elements] to [POST http://127.0.0.1:8272/wd/hub/session/260e95e2-678f-4299-9a4e-36c03409c31c/elements] with body: {"strategy":"accessibility id","selector":"Don't have an account? Sign Up","context":"","multiple":true}
[debug] [35m[WD Proxy][39m Got response with status 200: {"sessionId":"260e95e2-678f-4299-9a4e-36c03409c31c","value":[]}
[debug] [35m[W3C (f589c691)][39m Responding to client with driver.findElements() result: []
[35m[HTTP][39m [37m<-- POST /wd/hub/session/f589c691-4177-4fa3-968e-90c0e44a342f/elements [39m[32m200[39m [90m73 ms - 12[39m
[35m[HTTP][39m [90m[39m
[35m[HTTP][39m [37m-->[39m [37mPOST[39m [37m/wd/hub/session/f589c691-4177-4fa3-968e-90c0e44a342f/elements[39m
[35m[HTTP][39m [90m{"using":"accessibility id","value":"Don't have an account? Sign Up"}[39m
[debug] [35m[W3C (f589c691)][39m Calling AppiumDriver.findElements() with args: ["accessibility id","Don't have an account? Sign Up","f589c691-4177-4fa3-968e-90c0e44a342f"]
[debug] [35m[BaseDriver][39m Valid locator strategies for this request: xpath, id, class name, accessibility id, css selector, -android uiautomator
[debug] [35m[BaseDriver][39m Waiting up to 50 ms for condition
[debug] [35m[WD Proxy][39m Matched '/elements' to command name 'findElements'
[debug] [35m[WD Proxy][39m Proxying [POST /elements] to [POST http://127.0.0.1:8272/wd/hub/session/260e95e2-678f-4299-9a4e-36c03409c31c/elements] with body: {"strategy":"accessibility id","selector":"Don't have an account? Sign Up","context":"","multiple":true}
[debug] [35m[WD Proxy][39m Got response with status 200: {"sessionId":"260e95e2-678f-4299-9a4e-36c03409c31c","value":[]}
[debug] [35m[W3C (f589c691)][39m Responding to client with driver.findElements() result: []
[35m[HTTP][39m [37m<-- POST /wd/hub/session/f589c691-4177-4fa3-968e-90c0e44a342f/elements [39m[32m200[39m [90m81 ms - 12[39m
[35m[HTTP][39m [90m[39m
[35m[HTTP][39m [37m-->[39m [37mPOST[39m [37m/wd/hub/session/f589c691-4177-4fa3-968e-90c0e44a342f/elements[39m
[35m[HTTP][39m [90m{"using":"accessibility id","value":"Don't have an account? Sign Up"}[39m
[debug] [35m[W3C (f589c691)][39m Calling AppiumDriver.findElements() with args: ["accessibility id","Don't have an account? Sign Up","f589c691-4177-4fa3-968e-90c0e44a342f"]
[debug] [35m[BaseDriver][39m Valid locator strategies for this request: xpath, id, class name, accessibility id, css selector, -android uiautomator
[debug] [35m[BaseDriver][39m Waiting up to 50 ms for condition
[debug] [35m[WD Proxy][39m Matched '/elements' to command name 'findElements'
[debug] [35m[WD Proxy][39m Proxying [POST /elements] to [POST http://127.0.0.1:8272/wd/hub/session/260e95e2-678f-4299-9a4e-36c03409c31c/elements] with body: {"strategy":"accessibility id","selector":"Don't have an account? Sign Up","context":"","multiple":true}
[debug] [35m[WD Proxy][39m Got response with status 200: {"sessionId":"260e95e2-678f-4299-9a4e-36c03409c31c","value":[]}
[debug] [35m[W3C (f589c691)][39m Responding to client with driver.findElements() result: []
[35m[HTTP][39m [37m<-- POST /wd/hub/session/f589c691-4177-4fa3-968e-90c0e44a342f/elements [39m[32m200[39m [90m61 ms - 12[39m
[35m[HTTP][39m [90m[39m
[35m[HTTP][39m [37m-->[39m [37mPOST[39m [37m/wd/hub/session/f589c691-4177-4fa3-968e-90c0e44a342f/elements[39m
[35m[HTTP][39m [90m{"using":"accessibility id","value":"Don't have an account? Sign Up"}[39m
[debug] [35m[W3C (f589c691)][39m Calling AppiumDriver.findElements() with args: ["accessibility id","Don't have an account? Sign Up","f589c691-4177-4fa3-968e-90c0e44a342f"]
[debug] [35m[BaseDriver][39m Valid locator strategies for this request: xpath, id, class name, accessibility id, css selector, -android uiautomator
[debug] [35m[BaseDriver][39m Waiting up to 50 ms for condition
[debug] [35m[WD Proxy][39m Matched '/elements' to command name 'findElements'
[debug] [35m[WD Proxy][39m Proxying [POST /elements] to [POST http://127.0.0.1:8272/wd/hub/session/260e95e2-678f-4299-9a4e-36c03409c31c/elements] with body: {"strategy":"accessibility id","selector":"Don't have an account? Sign Up","context":"","multiple":true}
[debug] [35m[WD Proxy][39m Got response with status 200: {"sessionId":"260e95e2-678f-4299-9a4e-36c03409c31c","value":[]}
[debug] [35m[W3C (f589c691)][39m Responding to client with driver.findElements() result: []
[35m[HTTP][39m [37m<-- POST /wd/hub/session/f589c691-4177-4fa3-968e-90c0e44a342f/elements [39m[32m200[39m [90m67 ms - 12[39m
[35m[HTTP][39m [90m[39m
[35m[HTTP][39m [37m-->[39m [37mPOST[39m [37m/wd/hub/session/f589c691-4177-4fa3-968e-90c0e44a342f/elements[39m
[35m[HTTP][39m [90m{"using":"accessibility id","value":"Don't have an account? Sign Up"}[39m
[debug] [35m[W3C (f589c691)][39m Calling AppiumDriver.findElements() with args: ["accessibility id","Don't have an account? Sign Up","f589c691-4177-4fa3-968e-90c0e44a342f"]
[debug] [35m[BaseDriver][39m Valid locator strategies for this request: xpath, id, class name, accessibility id, css selector, -android uiautomator
[debug] [35m[BaseDriver][39m Waiting up to 50 ms for condition
[debug] [35m[WD Proxy][39m Matched '/elements' to command name 'findElements'
[debug] [35m[WD Proxy][39m Proxying [POST /elements] to [POST http://127.0.0.1:8272/wd/hub/session/260e95e2-678f-4299-9a4e-36c03409c31c/elements] with body: {"strategy":"accessibility id","selector":"Don't have an account? Sign Up","context":"","multiple":true}
[debug] [35m[WD Proxy][39m Got response with status 200: {"sessionId":"260e95e2-678f-4299-9a4e-36c03409c31c","value":[]}
[debug] [35m[W3C (f589c691)][39m Responding to client with driver.findElements() result: []
[35m[HTTP][39m [37m<-- POST /wd/hub/session/f589c691-4177-4fa3-968e-90c0e44a342f/elements [39m[32m200[39m [90m64 ms - 12[39m
[35m[HTTP][39m [90m[39m
[35m[HTTP][39m [37m-->[39m [37mPOST[39m [37m/wd/hub/session/f589c691-4177-4fa3-968e-90c0e44a342f/elements[39m
[35m[HTTP][39m [90m{"using":"accessibility id","value":"Don't have an account? Sign Up"}[39m
[debug] [35m[W3C (f589c691)][39m Calling AppiumDriver.findElements() with args: ["accessibility id","Don't have an account? Sign Up","f589c691-4177-4fa3-968e-90c0e44a342f"]
[debug] [35m[BaseDriver][39m Valid locator strategies for this request: xpath, id, class name, accessibility id, css selector, -android uiautomator
[debug] [35m[BaseDriver][39m Waiting up to 50 ms for condition
[debug] [35m[WD Proxy][39m Matched '/elements' to command name 'findElements'
[debug] [35m[WD Proxy][39m Proxying [POST /elements] to [POST http://127.0.0.1:8272/wd/hub/session/260e95e2-678f-4299-9a4e-36c03409c31c/elements] with body: {"strategy":"accessibility id","selector":"Don't have an account? Sign Up","context":"","multiple":true}
[debug] [35m[WD Proxy][39m Got response with status 200: {"sessionId":"260e95e2-678f-4299-9a4e-36c03409c31c","value":[]}
[debug] [35m[W3C (f589c691)][39m Responding to client with driver.findElements() result: []
[35m[HTTP][39m [37m<-- POST /wd/hub/session/f589c691-4177-4fa3-968e-90c0e44a342f/elements [39m[32m200[39m [90m78 ms - 12[39m
[35m[HTTP][39m [90m[39m
[35m[HTTP][39m [37m-->[39m [37mPOST[39m [37m/wd/hub/session/f589c691-4177-4fa3-968e-90c0e44a342f/elements[39m
[35m[HTTP][39m [90m{"using":"accessibility id","value":"Don't have an account? Sign Up"}[39m
[debug] [35m[W3C (f589c691)][39m Calling AppiumDriver.findElements() with args: ["accessibility id","Don't have an account? Sign Up","f589c691-4177-4fa3-968e-90c0e44a342f"]
[debug] [35m[BaseDriver][39m Valid locator strategies for this request: xpath, id, class name, accessibility id, css selector, -android uiautomator
[debug] [35m[BaseDriver][39m Waiting up to 50 ms for condition
[debug] [35m[WD Proxy][39m Matched '/elements' to command name 'findElements'
[debug] [35m[WD Proxy][39m Proxying [POST /elements] to [POST http://127.0.0.1:8272/wd/hub/session/260e95e2-678f-4299-9a4e-36c03409c31c/elements] with body: {"strategy":"accessibility id","selector":"Don't have an account? Sign Up","context":"","multiple":true}
[debug] [35m[WD Proxy][39m Got response with status 200: {"sessionId":"260e95e2-678f-4299-9a4e-36c03409c31c","value":[]}
[debug] [35m[W3C (f589c691)][39m Responding to client with driver.findElements() result: []
[35m[HTTP][39m [37m<-- POST /wd/hub/session/f589c691-4177-4fa3-968e-90c0e44a342f/elements [39m[32m200[39m [90m57 ms - 12[39m
[35m[HTTP][39m [90m[39m
[35m[HTTP][39m [37m-->[39m [37mPOST[39m [37m/wd/hub/session/f589c691-4177-4fa3-968e-90c0e44a342f/elements[39m
[35m[HTTP][39m [90m{"using":"accessibility id","value":"Don't have an account? Sign Up"}[39m
[debug] [35m[W3C (f589c691)][39m Calling AppiumDriver.findElements() with args: ["accessibility id","Don't have an account? Sign Up","f589c691-4177-4fa3-968e-90c0e44a342f"]
[debug] [35m[BaseDriver][39m Valid locator strategies for this request: xpath, id, class name, accessibility id, css selector, -android uiautomator
[debug] [35m[BaseDriver][39m Waiting up to 50 ms for condition
[debug] [35m[WD Proxy][39m Matched '/elements' to command name 'findElements'
[debug] [35m[WD Proxy][39m Proxying [POST /elements] to [POST http://127.0.0.1:8272/wd/hub/session/260e95e2-678f-4299-9a4e-36c03409c31c/elements] with body: {"strategy":"accessibility id","selector":"Don't have an account? Sign Up","context":"","multiple":true}
[debug] [35m[WD Proxy][39m Got response with status 200: {"sessionId":"260e95e2-678f-4299-9a4e-36c03409c31c","value":[]}
[debug] [35m[W3C (f589c691)][39m Responding to client with driver.findElements() result: []
[35m[HTTP][39m [37m<-- POST /wd/hub/session/f589c691-4177-4fa3-968e-90c0e44a342f/elements [39m[32m200[39m [90m59 ms - 12[39m
[35m[HTTP][39m [90m[39m
[35m[HTTP][39m [37m-->[39m [37mPOST[39m [37m/wd/hub/session/f589c691-4177-4fa3-968e-90c0e44a342f/elements[39m
[35m[HTTP][39m [90m{"using":"accessibility id","value":"Don't have an account? Sign Up"}[39m
[debug] [35m[W3C (f589c691)][39m Calling AppiumDriver.findElements() with args: ["accessibility id","Don't have an account? Sign Up","f589c691-4177-4fa3-968e-90c0e44a342f"]
[debug] [35m[BaseDriver][39m Valid locator strategies for this request: xpath, id, class name, accessibility id, css selector, -android uiautomator
[debug] [35m[BaseDriver][39m Waiting up to 50 ms for condition
[debug] [35m[WD Proxy][39m Matched '/elements' to command name 'findElements'
[debug] [35m[WD Proxy][39m Proxying [POST /elements] to [POST http://127.0.0.1:8272/wd/hub/session/260e95e2-678f-4299-9a4e-36c03409c31c/elements] with body: {"strategy":"accessibility id","selector":"Don't have an account? Sign Up","context":"","multiple":true}
[debug] [35m[WD Proxy][39m Got response with status 200: {"sessionId":"260e95e2-678f-4299-9a4e-36c03409c31c","value":[]}
[debug] [35m[BaseDriver][39m Waited for 44 ms so far
[debug] [35m[WD Proxy][39m Matched '/elements' to command name 'findElements'
[debug] [35m[WD Proxy][39m Proxying [POST /elements] to [POST http://127.0.0.1:8272/wd/hub/session/260e95e2-678f-4299-9a4e-36c03409c31c/elements] with body: {"strategy":"accessibility id","selector":"Don't have an account? Sign Up","context":"","multiple":true}
[debug] [35m[WD Proxy][39m Got response with status 200: {"sessionId":"260e95e2-678f-4299-9a4e-36c03409c31c","value":[]}
[debug] [35m[W3C (f589c691)][39m Responding to client with driver.findElements() result: []
[35m[HTTP][39m [37m<-- POST /wd/hub/session/f589c691-4177-4fa3-968e-90c0e44a342f/elements [39m[32m200[39m [90m116 ms - 12[39m
[35m[HTTP][39m [90m[39m
[35m[HTTP][39m [37m-->[39m [37mPOST[39m [37m/wd/hub/session/f589c691-4177-4fa3-968e-90c0e44a342f/elements[39m
[35m[HTTP][39m [90m{"using":"accessibility id","value":"Don't have an account? Sign Up"}[39m
[debug] [35m[W3C (f589c691)][39m Calling AppiumDriver.findElements() with args: ["accessibility id","Don't have an account? Sign Up","f589c691-4177-4fa3-968e-90c0e44a342f"]
[debug] [35m[BaseDriver][39m Valid locator strategies for this request: xpath, id, class name, accessibility id, css selector, -android uiautomator
[debug] [35m[BaseDriver][39m Waiting up to 50 ms for condition
[debug] [35m[WD Proxy][39m Matched '/elements' to command name 'findElements'
[debug] [35m[WD Proxy][39m Proxying [POST /elements] to [POST http://127.0.0.1:8272/wd/hub/session/260e95e2-678f-4299-9a4e-36c03409c31c/elements] with body: {"strategy":"accessibility id","selector":"Don't have an account? Sign Up","context":"","multiple":true}
[debug] [35m[WD Proxy][39m Got response with status 200: {"sessionId":"260e95e2-678f-4299-9a4e-36c03409c31c","value":[]}
[debug] [35m[W3C (f589c691)][39m Responding to client with driver.findElements() result: []
[35m[HTTP][39m [37m<-- POST /wd/hub/session/f589c691-4177-4fa3-968e-90c0e44a342f/elements [39m[32m200[39m [90m60 ms - 12[39m
[35m[HTTP][39m [90m[39m
[35m[HTTP][39m [37m-->[39m [37mPOST[39m [37m/wd/hub/session/f589c691-4177-4fa3-968e-90c0e44a342f/elements[39m
[35m[HTTP][39m [90m{"using":"accessibility id","value":"Don't have an account? Sign Up"}[39m
[debug] [35m[W3C (f589c691)][39m Calling AppiumDriver.findElements() with args: ["accessibility id","Don't have an account? Sign Up","f589c691-4177-4fa3-968e-90c0e44a342f"]
[debug] [35m[BaseDriver][39m Valid locator strategies for this request: xpath, id, class name, accessibility id, css selector, -android uiautomator
[debug] [35m[BaseDriver][39m Waiting up to 50 ms for condition
[debug] [35m[WD Proxy][39m Matched '/elements' to command name 'findElements'
[debug] [35m[WD Proxy][39m Proxying [POST /elements] to [POST http://127.0.0.1:8272/wd/hub/session/260e95e2-678f-4299-9a4e-36c03409c31c/elements] with body: {"strategy":"accessibility id","selector":"Don't have an account? Sign Up","context":"","multiple":true}
[debug] [35m[WD Proxy][39m Got response with status 200: {"sessionId":"260e95e2-678f-4299-9a4e-36c03409c31c","value":[]}
[debug] [35m[W3C (f589c691)][39m Responding to client with driver.findElements() result: []
[35m[HTTP][39m [37m<-- POST /wd/hub/session/f589c691-4177-4fa3-968e-90c0e44a342f/elements [39m[32m200[39m [90m64 ms - 12[39m
[35m[HTTP][39m [90m[39m
[35m[HTTP][39m [37m-->[39m [37mPOST[39m [37m/wd/hub/session/f589c691-4177-4fa3-968e-90c0e44a342f/elements[39m
[35m[HTTP][39m [90m{"using":"accessibility id","value":"Don't have an account? Sign Up"}[39m
[debug] [35m[W3C (f589c691)][39m Calling AppiumDriver.findElements() with args: ["accessibility id","Don't have an account? Sign Up","f589c691-4177-4fa3-968e-90c0e44a342f"]
[debug] [35m[BaseDriver][39m Valid locator strategies for this request: xpath, id, class name, accessibility id, css selector, -android uiautomator
[debug] [35m[BaseDriver][39m Waiting up to 50 ms for condition
[debug] [35m[WD Proxy][39m Matched '/elements' to command name 'findElements'
[debug] [35m[WD Proxy][39m Proxying [POST /elements] to [POST http://127.0.0.1:8272/wd/hub/session/260e95e2-678f-4299-9a4e-36c03409c31c/elements] with body: {"strategy":"accessibility id","selector":"Don't have an account? Sign Up","context":"","multiple":true}
[debug] [35m[WD Proxy][39m Got response with status 200: {"sessionId":"260e95e2-678f-4299-9a4e-36c03409c31c","value":[]}
[debug] [35m[W3C (f589c691)][39m Responding to client with driver.findElements() result: []
[35m[HTTP][39m [37m<-- POST /wd/hub/session/f589c691-4177-4fa3-968e-90c0e44a342f/elements [39m[32m200[39m [90m639 ms - 12[39m
[35m[HTTP][39m [90m[39m
[35m[HTTP][39m [37m-->[39m [37mPOST[39m [37m/wd/hub/session/f589c691-4177-4fa3-968e-90c0e44a342f/elements[39m
[35m[HTTP][39m [90m{"using":"accessibility id","value":"Don't have an account? Sign Up"}[39m
[debug] [35m[W3C (f589c691)][39m Calling AppiumDriver.findElements() with args: ["accessibility id","Don't have an account? Sign Up","f589c691-4177-4fa3-968e-90c0e44a342f"]
[debug] [35m[BaseDriver][39m Valid locator strategies for this request: xpath, id, class name, accessibility id, css selector, -android uiautomator
[debug] [35m[BaseDriver][39m Waiting up to 50 ms for condition
[debug] [35m[WD Proxy][39m Matched '/elements' to command name 'findElements'
[debug] [35m[WD Proxy][39m Proxying [POST /elements] to [POST http://127.0.0.1:8272/wd/hub/session/260e95e2-678f-4299-9a4e-36c03409c31c/elements] with body: {"strategy":"accessibility id","selector":"Don't have an account? Sign Up","context":"","multiple":true}
[debug] [35m[WD Proxy][39m Got response with status 200: {"sessionId":"260e95e2-678f-4299-9a4e-36c03409c31c","value":[]}
[debug] [35m[W3C (f589c691)][39m Responding to client with driver.findElements() result: []
[35m[HTTP][39m [37m<-- POST /wd/hub/session/f589c691-4177-4fa3-968e-90c0e44a342f/elements [39m[32m200[39m [90m53 ms - 12[39m
[35m[HTTP][39m [90m[39m
[35m[HTTP][39m [37m-->[39m [37mPOST[39m [37m/wd/hub/session/f589c691-4177-4fa3-968e-90c0e44a342f/elements[39m
[35m[HTTP][39m [90m{"using":"accessibility id","value":"Don't have an account? Sign Up"}[39m
[debug] [35m[W3C (f589c691)][39m Calling AppiumDriver.findElements() with args: ["accessibility id","Don't have an account? Sign Up","f589c691-4177-4fa3-968e-90c0e44a342f"]
[debug] [35m[BaseDriver][39m Valid locator strategies for this request: xpath, id, class name, accessibility id, css selector, -android uiautomator
[debug] [35m[BaseDriver][39m Waiting up to 50 ms for condition
[debug] [35m[WD Proxy][39m Matched '/elements' to command name 'findElements'
[debug] [35m[WD Proxy][39m Proxying [POST /elements] to [POST http://127.0.0.1:8272/wd/hub/session/260e95e2-678f-4299-9a4e-36c03409c31c/elements] with body: {"strategy":"accessibility id","selector":"Don't have an account? Sign Up","context":"","multiple":true}
[debug] [35m[WD Proxy][39m Got response with status 200: {"sessionId":"260e95e2-678f-4299-9a4e-36c03409c31c","value":[]}
[debug] [35m[W3C (f589c691)][39m Responding to client with driver.findElements() result: []
[35m[HTTP][39m [37m<-- POST /wd/hub/session/f589c691-4177-4fa3-968e-90c0e44a342f/elements [39m[32m200[39m [90m58 ms - 12[39m
[35m[HTTP][39m [90m[39m
[35m[HTTP][39m [37m-->[39m [37mPOST[39m [37m/wd/hub/session/f589c691-4177-4fa3-968e-90c0e44a342f/elements[39m
[35m[HTTP][39m [90m{"using":"accessibility id","value":"Don't have an account? Sign Up"}[39m
[debug] [35m[W3C (f589c691)][39m Calling AppiumDriver.findElements() with args: ["accessibility id","Don't have an account? Sign Up","f589c691-4177-4fa3-968e-90c0e44a342f"]
[debug] [35m[BaseDriver][39m Valid locator strategies for this request: xpath, id, class name, accessibility id, css selector, -android uiautomator
[debug] [35m[BaseDriver][39m Waiting up to 50 ms for condition
[debug] [35m[WD Proxy][39m Matched '/elements' to command name 'findElements'
[debug] [35m[WD Proxy][39m Proxying [POST /elements] to [POST http://127.0.0.1:8272/wd/hub/session/260e95e2-678f-4299-9a4e-36c03409c31c/elements] with body: {"strategy":"accessibility id","selector":"Don't have an account? Sign Up","context":"","multiple":true}
[debug] [35m[WD Proxy][39m Got response with status 200: {"sessionId":"260e95e2-678f-4299-9a4e-36c03409c31c","value":[]}
[debug] [35m[BaseDriver][39m Waited for 46 ms so far
[debug] [35m[WD Proxy][39m Matched '/elements' to command name 'findElements'
[debug] [35m[WD Proxy][39m Proxying [POST /elements] to [POST http://127.0.0.1:8272/wd/hub/session/260e95e2-678f-4299-9a4e-36c03409c31c/elements] with body: {"strategy":"accessibility id","selector":"Don't have an account? Sign Up","context":"","multiple":true}
[debug] [35m[WD Proxy][39m Got response with status 200: {"sessionId":"260e95e2-678f-4299-9a4e-36c03409c31c","value":[]}
[debug] [35m[W3C (f589c691)][39m Responding to client with driver.findElements() result: []
[35m[HTTP][39m [37m<-- POST /wd/hub/session/f589c691-4177-4fa3-968e-90c0e44a342f/elements [39m[32m200[39m [90m105 ms - 12[39m
[35m[HTTP][39m [90m[39m
[35m[HTTP][39m [37m-->[39m [37mPOST[39m [37m/wd/hub/session/f589c691-4177-4fa3-968e-90c0e44a342f/elements[39m
[35m[HTTP][39m [90m{"using":"accessibility id","value":"Don't have an account? Sign Up"}[39m
[debug] [35m[W3C (f589c691)][39m Calling AppiumDriver.findElements() with args: ["accessibility id","Don't have an account? Sign Up","f589c691-4177-4fa3-968e-90c0e44a342f"]
[debug] [35m[BaseDriver][39m Valid locator strategies for this request: xpath, id, class name, accessibility id, css selector, -android uiautomator
[debug] [35m[BaseDriver][39m Waiting up to 50 ms for condition
[debug] [35m[WD Proxy][39m Matched '/elements' to command name 'findElements'
[debug] [35m[WD Proxy][39m Proxying [POST /elements] to [POST http://127.0.0.1:8272/wd/hub/session/260e95e2-678f-4299-9a4e-36c03409c31c/elements] with body: {"strategy":"accessibility id","selector":"Don't have an account? Sign Up","context":"","multiple":true}
[debug] [35m[WD Proxy][39m Got response with status 200: {"sessionId":"260e95e2-678f-4299-9a4e-36c03409c31c","value":[]}
[debug] [35m[W3C (f589c691)][39m Responding to client with driver.findElements() result: []
[35m[HTTP][39m [37m<-- POST /wd/hub/session/f589c691-4177-4fa3-968e-90c0e44a342f/elements [39m[32m200[39m [90m54 ms - 12[39m
[35m[HTTP][39m [90m[39m
[35m[HTTP][39m [37m-->[39m [37mPOST[39m [37m/wd/hub/session/f589c691-4177-4fa3-968e-90c0e44a342f/elements[39m
[35m[HTTP][39m [90m{"using":"accessibility id","value":"Don't have an account? Sign Up"}[39m
[debug] [35m[W3C (f589c691)][39m Calling AppiumDriver.findElements() with args: ["accessibility id","Don't have an account? Sign Up","f589c691-4177-4fa3-968e-90c0e44a342f"]
[debug] [35m[BaseDriver][39m Valid locator strategies for this request: xpath, id, class name, accessibility id, css selector, -android uiautomator
[debug] [35m[BaseDriver][39m Waiting up to 50 ms for condition
[debug] [35m[WD Proxy][39m Matched '/elements' to command name 'findElements'
[debug] [35m[WD Proxy][39m Proxying [POST /elements] to [POST http://127.0.0.1:8272/wd/hub/session/260e95e2-678f-4299-9a4e-36c03409c31c/elements] with body: {"strategy":"accessibility id","selector":"Don't have an account? Sign Up","context":"","multiple":true}
[debug] [35m[WD Proxy][39m Got response with status 200: {"sessionId":"260e95e2-678f-4299-9a4e-36c03409c31c","value":[]}
[debug] [35m[W3C (f589c691)][39m Responding to client with driver.findElements() result: []
[35m[HTTP][39m [37m<-- POST /wd/hub/session/f589c691-4177-4fa3-968e-90c0e44a342f/elements [39m[32m200[39m [90m63 ms - 12[39m
[35m[HTTP][39m [90m[39m
[35m[HTTP][39m [37m-->[39m [37mPOST[39m [37m/wd/hub/session/f589c691-4177-4fa3-968e-90c0e44a342f/elements[39m
[35m[HTTP][39m [90m{"using":"accessibility id","value":"Don't have an account? Sign Up"}[39m
[debug] [35m[W3C (f589c691)][39m Calling AppiumDriver.findElements() with args: ["accessibility id","Don't have an account? Sign Up","f589c691-4177-4fa3-968e-90c0e44a342f"]
[debug] [35m[BaseDriver][39m Valid locator strategies for this request: xpath, id, class name, accessibility id, css selector, -android uiautomator
[debug] [35m[BaseDriver][39m Waiting up to 50 ms for condition
[debug] [35m[WD Proxy][39m Matched '/elements' to command name 'findElements'
[debug] [35m[WD Proxy][39m Proxying [POST /elements] to [POST http://127.0.0.1:8272/wd/hub/session/260e95e2-678f-4299-9a4e-36c03409c31c/elements] with body: {"strategy":"accessibility id","selector":"Don't have an account? Sign Up","context":"","multiple":true}
[debug] [35m[WD Proxy][39m Got response with status 200: {"sessionId":"260e95e2-678f-4299-9a4e-36c03409c31c","value":[]}
[debug] [35m[W3C (f589c691)][39m Responding to client with driver.findElements() result: []
[35m[HTTP][39m [37m<-- POST /wd/hub/session/f589c691-4177-4fa3-968e-90c0e44a342f/elements [39m[32m200[39m [90m160 ms - 12[39m
[35m[HTTP][39m [90m[39m
